<?xml version="1.0" encoding="UTF-8"?>
<!-- Generated by org.testng.reporters.JUnitReportReporter -->
<testsuite hostname="DESKTOP-3G8MCN5" failures="0" tests="1" name="JavaClassPacksge.javaclass22" time="1.042" errors="0" timestamp="2024-05-11T12:02:39 EET" skipped="0">
  <testcase classname="JavaClassPacksge.javaclass22" name="myTest" time="1.042"/>
  <system-out/>
</testsuite> <!-- JavaClassPacksge.javaclass22 -->
