<?xml version="1.0" encoding="UTF-8"?>
<!-- Generated by org.testng.reporters.JUnitReportReporter -->
<testsuite hostname="DESKTOP-3G8MCN5" failures="0" tests="8" name="JavaClassPacksge.JavaClass" time="50.680" errors="0" timestamp="2024-05-02T12:51:09 EET" skipped="0">
  <testcase classname="JavaClassPacksge.JavaClass" name="myTest" time="4.197"/>
  <system-out/>
  <testcase classname="JavaClassPacksge.JavaClass" name="myTest" time="4.073"/>
  <system-out/>
  <testcase classname="JavaClassPacksge.JavaClass" name="myTest" time="6.921"/>
  <system-out/>
  <testcase classname="JavaClassPacksge.JavaClass" name="myTest" time="6.867"/>
  <system-out/>
  <testcase classname="JavaClassPacksge.JavaClass" name="myTest" time="10.300"/>
  <system-out/>
  <testcase classname="JavaClassPacksge.JavaClass" name="myTest" time="3.822"/>
  <system-out/>
  <testcase classname="JavaClassPacksge.JavaClass" name="myTest" time="7.516"/>
  <system-out/>
  <testcase classname="JavaClassPacksge.JavaClass" name="myTest" time="6.984"/>
  <system-out/>
</testsuite> <!-- JavaClassPacksge.JavaClass -->
